<?xml version="1.0" encoding="UTF-8"?>
<!-- Generated by org.testng.reporters.JUnitXMLReporter -->
<testsuite ignored="0" hostname="DESKTOP-Q84ABS9" failures="0" tests="4" name="Default test" time="21.671" errors="0" timestamp="2022-07-13T21:51:36 IST">
  <testcase classname="test.FbTest" name="abhi" time="0.044"/>
  <testcase classname="test.FbTest" name="login" time="0.539"/>
  <testcase classname="test.FbTest" name="loginWithOnlyUser" time="0.544"/>
  <testcase classname="test.FbTest" name="vishal" time="0.008"/>
</testsuite> <!-- Default test -->
